<?xml version="1.0" encoding="UTF-8"?>
<testng-results ignored="0" total="1" passed="1" failed="0" skipped="0">
  <reporter-output>
  </reporter-output>
  <suite started-at="2022-09-29T17:20:28 EDT" name="Default suite" finished-at="2022-09-29T17:20:51 EDT" duration-ms="23503">
    <groups>
    </groups>
    <test started-at="2022-09-29T17:20:28 EDT" name="Default test" finished-at="2022-09-29T17:20:51 EDT" duration-ms="23503">
      <class name="SanchitFramework.TestCases.TestCase1">
        <test-method is-config="true" signature="initializeDriver()[pri:0, instance:SanchitFramework.TestCases.TestCase1@47e2e487]" started-at="2022-09-29T17:20:28 EDT" name="initializeDriver" finished-at="2022-09-29T17:20:32 EDT" duration-ms="4872" status="PASS">
          <reporter-output>
          </reporter-output>
        </test-method> <!-- initializeDriver -->
        <test-method signature="submitOrder()[pri:0, instance:SanchitFramework.TestCases.TestCase1@47e2e487]" started-at="2022-09-29T17:20:32 EDT" name="submitOrder" finished-at="2022-09-29T17:20:51 EDT" duration-ms="18393" status="PASS">
          <reporter-output>
          </reporter-output>
        </test-method> <!-- submitOrder -->
        <test-method is-config="true" signature="closeDriver()[pri:0, instance:SanchitFramework.TestCases.TestCase1@47e2e487]" started-at="2022-09-29T17:20:51 EDT" name="closeDriver" finished-at="2022-09-29T17:20:51 EDT" duration-ms="182" status="PASS">
          <reporter-output>
          </reporter-output>
        </test-method> <!-- closeDriver -->
      </class> <!-- SanchitFramework.TestCases.TestCase1 -->
    </test> <!-- Default test -->
  </suite> <!-- Default suite -->
</testng-results>
